21:44:19 [Skill] INFO  Skill:139 - Connecting to Furhat server on 192.168.1.178:1932
21:44:22 [Skill] WARN  BrokerClient: 82 - Connection refused: connect (is the server running and reachable?)
21:44:24 [Skill] WARN  BrokerClient: 82 - Connection refused: connect (is the server running and reachable?)
21:44:26 [Subsystem3Skill] INFO  Subsystem3Skill:173 - Starting skill
21:44:27 [Subsystem3Skill] ERROR InitRunner: 28 - java.lang.NullPointerException
21:44:27 [ErrorLoggingThread] ERROR Subsystem3Skill:466 - java.lang.NullPointerException
	at furhatos.skills.FurhatSpeech.getVoices(FurhatSpeech.java:279)
	at furhatos.skills.FurhatEventWrapper.getVoices(FurhatEventWrapper.java:31)
	at furhatos.skills.FurhatSpeech.getVoice(FurhatSpeech.java:288)
	at furhatos.skills.FurhatEventWrapper.getVoice(FurhatEventWrapper.java:31)
	at furhatos.skills.FurhatSpeech.setVoiceAndInputLanguage(FurhatSpeech.java:268)
	at furhatos.skills.FurhatEventWrapper.setVoiceAndInputLanguage(FurhatEventWrapper.java:31)
	at furhatos.flow.kotlin.Furhat.setVoice(Furhat.kt:678)
	at furhatos.flow.kotlin.Furhat.internalSetVoice(Furhat.kt:698)
	at furhatos.flow.kotlin.Furhat.setVoice(Furhat.kt:713)
	at furhatos.flow.kotlin.Furhat.setVoice$default(Furhat.kt:711)
	at furhatos.app.subsystem3.flow.GeneralKt$Idle$1$1.invoke(general.kt:9)
	at furhatos.app.subsystem3.flow.GeneralKt$Idle$1$1.invoke(general.kt)
	at furhatos.flow.kotlin.InitRunner.run(InitRunner.kt:25)
	at furhatos.flow.kotlin.StateRunner.runInitTrigger(StateRunner.kt:215)
	at furhatos.flow.kotlin.StateRunner.run(StateRunner.kt:64)
	at furhatos.flow.kotlin.Flow.tailRecRun(Flow.kt:146)
	at furhatos.flow.kotlin.Flow.run(Flow.kt:110)
	at furhatos.app.subsystem3.Subsystem3Skill.start(main.kt:9)
	at furhatos.skills.Skill.initializeSkill(Skill.java:176)
	at furhatos.skills.Skill.lambda$startSkill$2(Skill.java:234)
	at java.lang.Thread.run(Thread.java:748)

21:45:08 [Subsystem3Skill] WARN  Flow: 93 - Flow unknown unresponsive, 1327 ms since last event poll
21:45:53 [EventSystem] INFO  Subsystem3Skill:191 - Terminating skill
